<?xml version="1.0" encoding="UTF-8"?>
<!-- Generated by org.testng.reporters.JUnitXMLReporter -->
<testsuite hostname="doodlews-22" ignored="0" name="Test" tests="3" failures="1" timestamp="17 Jan 2019 08:08:15 GMT" time="4.319" errors="0">
  <testcase name="@AfterMethod aftertest" time="0.354" classname="com.binco.test.Logintest">
    <failure type="java.lang.NullPointerException">
      <![CDATA[java.lang.NullPointerException
at com.binco.test.Logintest.aftertest(Logintest.java:78)
... Removed 28 stack frames]]>
    </failure>
  </testcase> <!-- @AfterMethod aftertest -->
  <testcase name="@BeforeMethod setup" time="0.0" classname="com.binco.test.Logintest">
    <skipped/>
  </testcase> <!-- @BeforeMethod setup -->
  <testcase name="@AfterMethod aftertest" time="0.0" classname="com.binco.test.Logintest">
    <skipped/>
  </testcase> <!-- @AfterMethod aftertest -->
  <testcase name="@BeforeMethod setup" time="0.0" classname="com.binco.test.Logintest">
    <skipped/>
  </testcase> <!-- @BeforeMethod setup -->
  <testcase name="@AfterMethod aftertest" time="0.0" classname="com.binco.test.Logintest">
    <skipped/>
  </testcase> <!-- @AfterMethod aftertest -->
  <testcase name="logintest" time="0.009" classname="com.binco.test.Logintest">
    <failure type="java.lang.NullPointerException">
      <![CDATA[java.lang.NullPointerException
at com.binco.test.Logintest.logintest(Logintest.java:45)
... Removed 25 stack frames]]>
    </failure>
  </testcase> <!-- logintest -->
  <testcase name="logintest1" time="0.0" classname="com.binco.test.Logintest">
    <skipped/>
  </testcase> <!-- logintest1 -->
  <testcase name="logintest2" time="0.0" classname="com.binco.test.Logintest">
    <skipped/>
  </testcase> <!-- logintest2 -->
</testsuite> <!-- Test -->
